{"D:\\mindbox-test\\src\\index.tsx": {"path":"D:\\mindbox-test\\src\\index.tsx","statementMap":{"0":{"start":{"line":7,"column":0},"end":{"line":11,"column":1}}},"fnMap":{},"branchMap":{},"s":{"0":0},"f":{},"b":{}}
,"D:\\mindbox-test\\src\\vite-env.d.ts": {"path":"D:\\mindbox-test\\src\\vite-env.d.ts","statementMap":{},"fnMap":{},"branchMap":{},"s":{},"f":{},"b":{}}
,"D:\\mindbox-test\\src\\app\\App.tsx": {"path":"D:\\mindbox-test\\src\\app\\App.tsx","statementMap":{"0":{"start":{"line":4,"column":2},"end":{"line":8,"column":3}}},"fnMap":{"0":{"name":"App","decl":{"start":{"line":3,"column":9},"end":{"line":3,"column":12}},"loc":{"start":{"line":3,"column":15},"end":{"line":9,"column":1}},"line":3}},"branchMap":{},"s":{"0":0},"f":{"0":0},"b":{}}
,"D:\\mindbox-test\\src\\features\\TodoList\\index.ts": {"path":"D:\\mindbox-test\\src\\features\\TodoList\\index.ts","statementMap":{},"fnMap":{},"branchMap":{},"s":{},"f":{},"b":{}}
,"D:\\mindbox-test\\src\\features\\TodoList\\model\\types.ts": {"path":"D:\\mindbox-test\\src\\features\\TodoList\\model\\types.ts","statementMap":{},"fnMap":{},"branchMap":{},"s":{},"f":{},"b":{}}
,"D:\\mindbox-test\\src\\features\\TodoList\\model\\useTodoListState.ts": {"path":"D:\\mindbox-test\\src\\features\\TodoList\\model\\useTodoListState.ts","statementMap":{"0":{"start":{"line":13,"column":32},"end":{"line":46,"column":3}},"1":{"start":{"line":13,"column":72},"end":{"line":46,"column":1}},"2":{"start":{"line":16,"column":6},"end":{"line":18,"column":9}},"3":{"start":{"line":17,"column":10},"end":{"line":17,"column":70}},"4":{"start":{"line":21,"column":6},"end":{"line":31,"column":9}},"5":{"start":{"line":22,"column":10},"end":{"line":30,"column":12}},"6":{"start":{"line":23,"column":14},"end":{"line":28,"column":15}},"7":{"start":{"line":24,"column":18},"end":{"line":27,"column":60}},"8":{"start":{"line":25,"column":22},"end":{"line":25,"column":56}},"9":{"start":{"line":27,"column":23},"end":{"line":27,"column":60}},"10":{"start":{"line":29,"column":14},"end":{"line":29,"column":26}},"11":{"start":{"line":34,"column":6},"end":{"line":34,"column":75}},"12":{"start":{"line":34,"column":43},"end":{"line":34,"column":67}},"13":{"start":{"line":37,"column":6},"end":{"line":39,"column":9}},"14":{"start":{"line":38,"column":10},"end":{"line":38,"column":72}},"15":{"start":{"line":38,"column":57},"end":{"line":38,"column":71}},"16":{"start":{"line":42,"column":6},"end":{"line":44,"column":9}},"17":{"start":{"line":43,"column":10},"end":{"line":43,"column":96}},"18":{"start":{"line":43,"column":57},"end":{"line":43,"column":94}},"19":{"start":{"line":43,"column":76},"end":{"line":43,"column":93}}},"fnMap":{"0":{"name":"(anonymous_0)","decl":{"start":{"line":13,"column":58},"end":{"line":13,"column":59}},"loc":{"start":{"line":13,"column":72},"end":{"line":46,"column":1}},"line":13},"1":{"name":"(anonymous_1)","decl":{"start":{"line":15,"column":13},"end":{"line":15,"column":14}},"loc":{"start":{"line":15,"column":24},"end":{"line":19,"column":5}},"line":15},"2":{"name":"(anonymous_2)","decl":{"start":{"line":16,"column":18},"end":{"line":16,"column":19}},"loc":{"start":{"line":16,"column":48},"end":{"line":18,"column":7}},"line":16},"3":{"name":"(anonymous_3)","decl":{"start":{"line":20,"column":15},"end":{"line":20,"column":16}},"loc":{"start":{"line":20,"column":23},"end":{"line":32,"column":5}},"line":20},"4":{"name":"(anonymous_4)","decl":{"start":{"line":21,"column":18},"end":{"line":21,"column":19}},"loc":{"start":{"line":21,"column":47},"end":{"line":31,"column":7}},"line":21},"5":{"name":"(anonymous_5)","decl":{"start":{"line":22,"column":46},"end":{"line":22,"column":47}},"loc":{"start":{"line":22,"column":56},"end":{"line":30,"column":11}},"line":22},"6":{"name":"(anonymous_6)","decl":{"start":{"line":33,"column":21},"end":{"line":33,"column":22}},"loc":{"start":{"line":33,"column":27},"end":{"line":35,"column":5}},"line":33},"7":{"name":"(anonymous_7)","decl":{"start":{"line":34,"column":35},"end":{"line":34,"column":36}},"loc":{"start":{"line":34,"column":43},"end":{"line":34,"column":67}},"line":34},"8":{"name":"(anonymous_8)","decl":{"start":{"line":36,"column":16},"end":{"line":36,"column":17}},"loc":{"start":{"line":36,"column":24},"end":{"line":40,"column":5}},"line":36},"9":{"name":"(anonymous_9)","decl":{"start":{"line":37,"column":18},"end":{"line":37,"column":19}},"loc":{"start":{"line":37,"column":47},"end":{"line":39,"column":7}},"line":37},"10":{"name":"(anonymous_10)","decl":{"start":{"line":38,"column":49},"end":{"line":38,"column":50}},"loc":{"start":{"line":38,"column":57},"end":{"line":38,"column":71}},"line":38},"11":{"name":"(anonymous_11)","decl":{"start":{"line":41,"column":26},"end":{"line":41,"column":27}},"loc":{"start":{"line":41,"column":37},"end":{"line":45,"column":5}},"line":41},"12":{"name":"(anonymous_12)","decl":{"start":{"line":42,"column":18},"end":{"line":42,"column":19}},"loc":{"start":{"line":42,"column":47},"end":{"line":44,"column":7}},"line":42},"13":{"name":"(anonymous_13)","decl":{"start":{"line":43,"column":50},"end":{"line":43,"column":51}},"loc":{"start":{"line":43,"column":57},"end":{"line":43,"column":94}},"line":43},"14":{"name":"(anonymous_14)","decl":{"start":{"line":43,"column":69},"end":{"line":43,"column":70}},"loc":{"start":{"line":43,"column":76},"end":{"line":43,"column":93}},"line":43}},"branchMap":{"0":{"loc":{"start":{"line":23,"column":14},"end":{"line":28,"column":15}},"type":"if","locations":[{"start":{"line":23,"column":14},"end":{"line":28,"column":15}},{"start":{},"end":{}}],"line":23},"1":{"loc":{"start":{"line":24,"column":18},"end":{"line":27,"column":60}},"type":"if","locations":[{"start":{"line":24,"column":18},"end":{"line":27,"column":60}},{"start":{"line":27,"column":23},"end":{"line":27,"column":60}}],"line":24}},"s":{"0":1,"1":1,"2":0,"3":0,"4":0,"5":0,"6":0,"7":0,"8":0,"9":0,"10":0,"11":0,"12":0,"13":0,"14":0,"15":0,"16":0,"17":0,"18":0,"19":0},"f":{"0":1,"1":0,"2":0,"3":0,"4":0,"5":0,"6":0,"7":0,"8":0,"9":0,"10":0,"11":0,"12":0,"13":0,"14":0},"b":{"0":[0,0],"1":[0,0]},"_coverageSchema":"1a1c01bbd47fc00a2c39e90264f33305004495a9","hash":"9116c08ff735e9a1f63b4fa1bfc8e47a903a9dc2"}
,"D:\\mindbox-test\\src\\features\\TodoList\\ui\\TodoList.styles.ts": {"path":"D:\\mindbox-test\\src\\features\\TodoList\\ui\\TodoList.styles.ts","statementMap":{"0":{"start":{"line":3,"column":37},"end":{"line":10,"column":1}},"1":{"start":{"line":12,"column":46},"end":{"line":16,"column":1}},"2":{"start":{"line":18,"column":39},"end":{"line":23,"column":1}},"3":{"start":{"line":25,"column":36},"end":{"line":34,"column":1}},"4":{"start":{"line":35,"column":41},"end":{"line":39,"column":1}}},"fnMap":{},"branchMap":{},"s":{"0":0,"1":0,"2":0,"3":0,"4":0},"f":{},"b":{}}
,"D:\\mindbox-test\\src\\features\\TodoList\\ui\\TodoList.tsx": {"path":"D:\\mindbox-test\\src\\features\\TodoList\\ui\\TodoList.tsx","statementMap":{"0":{"start":{"line":11,"column":24},"end":{"line":88,"column":1}},"1":{"start":{"line":12,"column":43},"end":{"line":12,"column":55}},"2":{"start":{"line":13,"column":39},"end":{"line":13,"column":80}},"3":{"start":{"line":14,"column":89},"end":{"line":14,"column":107}},"4":{"start":{"line":15,"column":26},"end":{"line":17,"column":28}},"5":{"start":{"line":16,"column":8},"end":{"line":16,"column":97}},"6":{"start":{"line":16,"column":70},"end":{"line":16,"column":96}},"7":{"start":{"line":19,"column":30},"end":{"line":21,"column":9}},"8":{"start":{"line":20,"column":8},"end":{"line":20,"column":22}},"9":{"start":{"line":23,"column":31},"end":{"line":25,"column":9}},"10":{"start":{"line":24,"column":7},"end":{"line":24,"column":22}},"11":{"start":{"line":26,"column":31},"end":{"line":28,"column":5}},"12":{"start":{"line":27,"column":8},"end":{"line":27,"column":39}},"13":{"start":{"line":29,"column":29},"end":{"line":32,"column":5}},"14":{"start":{"line":30,"column":8},"end":{"line":30,"column":30}},"15":{"start":{"line":31,"column":8},"end":{"line":31,"column":28}},"16":{"start":{"line":33,"column":39},"end":{"line":35,"column":5}},"17":{"start":{"line":34,"column":8},"end":{"line":34,"column":83}},"18":{"start":{"line":34,"column":53},"end":{"line":34,"column":80}},"19":{"start":{"line":36,"column":35},"end":{"line":48,"column":5}},"20":{"start":{"line":37,"column":8},"end":{"line":47,"column":9}},"21":{"start":{"line":39,"column":16},"end":{"line":39,"column":33}},"22":{"start":{"line":40,"column":16},"end":{"line":40,"column":22}},"23":{"start":{"line":42,"column":16},"end":{"line":42,"column":39}},"24":{"start":{"line":43,"column":16},"end":{"line":43,"column":22}},"25":{"start":{"line":45,"column":16},"end":{"line":45,"column":42}},"26":{"start":{"line":46,"column":16},"end":{"line":46,"column":22}},"27":{"start":{"line":49,"column":27},"end":{"line":61,"column":5}},"28":{"start":{"line":50,"column":8},"end":{"line":60,"column":10}},"29":{"start":{"line":51,"column":36},"end":{"line":53,"column":13}},"30":{"start":{"line":52,"column":16},"end":{"line":52,"column":43}},"31":{"start":{"line":54,"column":37},"end":{"line":56,"column":13}},"32":{"start":{"line":55,"column":20},"end":{"line":55,"column":47}},"33":{"start":{"line":57,"column":12},"end":{"line":59,"column":13}},"34":{"start":{"line":62,"column":4},"end":{"line":87,"column":6}}},"fnMap":{"0":{"name":"(anonymous_0)","decl":{"start":{"line":11,"column":24},"end":{"line":11,"column":25}},"loc":{"start":{"line":11,"column":30},"end":{"line":88,"column":1}},"line":11},"1":{"name":"(anonymous_1)","decl":{"start":{"line":15,"column":34},"end":{"line":15,"column":35}},"loc":{"start":{"line":15,"column":40},"end":{"line":17,"column":5}},"line":15},"2":{"name":"(anonymous_2)","decl":{"start":{"line":16,"column":62},"end":{"line":16,"column":63}},"loc":{"start":{"line":16,"column":70},"end":{"line":16,"column":96}},"line":16},"3":{"name":"(anonymous_3)","decl":{"start":{"line":19,"column":42},"end":{"line":19,"column":43}},"loc":{"start":{"line":19,"column":57},"end":{"line":21,"column":5}},"line":19},"4":{"name":"(anonymous_4)","decl":{"start":{"line":23,"column":43},"end":{"line":23,"column":44}},"loc":{"start":{"line":23,"column":58},"end":{"line":25,"column":5}},"line":23},"5":{"name":"(anonymous_5)","decl":{"start":{"line":26,"column":31},"end":{"line":26,"column":32}},"loc":{"start":{"line":26,"column":68},"end":{"line":28,"column":5}},"line":26},"6":{"name":"(anonymous_6)","decl":{"start":{"line":29,"column":29},"end":{"line":29,"column":30}},"loc":{"start":{"line":29,"column":35},"end":{"line":32,"column":5}},"line":29},"7":{"name":"(anonymous_7)","decl":{"start":{"line":33,"column":39},"end":{"line":33,"column":40}},"loc":{"start":{"line":33,"column":45},"end":{"line":35,"column":5}},"line":33},"8":{"name":"(anonymous_8)","decl":{"start":{"line":34,"column":45},"end":{"line":34,"column":46}},"loc":{"start":{"line":34,"column":53},"end":{"line":34,"column":80}},"line":34},"9":{"name":"(anonymous_9)","decl":{"start":{"line":36,"column":35},"end":{"line":36,"column":36}},"loc":{"start":{"line":36,"column":53},"end":{"line":48,"column":5}},"line":36},"10":{"name":"(anonymous_10)","decl":{"start":{"line":49,"column":27},"end":{"line":49,"column":28}},"loc":{"start":{"line":49,"column":33},"end":{"line":61,"column":5}},"line":49},"11":{"name":"(anonymous_11)","decl":{"start":{"line":50,"column":33},"end":{"line":50,"column":34}},"loc":{"start":{"line":50,"column":43},"end":{"line":60,"column":9}},"line":50},"12":{"name":"(anonymous_12)","decl":{"start":{"line":51,"column":36},"end":{"line":51,"column":37}},"loc":{"start":{"line":51,"column":42},"end":{"line":53,"column":13}},"line":51},"13":{"name":"(anonymous_13)","decl":{"start":{"line":54,"column":37},"end":{"line":54,"column":38}},"loc":{"start":{"line":54,"column":43},"end":{"line":56,"column":13}},"line":54}},"branchMap":{"0":{"loc":{"start":{"line":16,"column":15},"end":{"line":16,"column":97}},"type":"cond-expr","locations":[{"start":{"line":16,"column":35},"end":{"line":16,"column":43}},{"start":{"line":16,"column":46},"end":{"line":16,"column":97}}],"line":16},"1":{"loc":{"start":{"line":37,"column":8},"end":{"line":47,"column":9}},"type":"switch","locations":[{"start":{"line":38,"column":12},"end":{"line":40,"column":22}},{"start":{"line":41,"column":12},"end":{"line":43,"column":22}},{"start":{"line":44,"column":12},"end":{"line":46,"column":22}}],"line":37}},"s":{"0":0,"1":0,"2":0,"3":0,"4":0,"5":0,"6":0,"7":0,"8":0,"9":0,"10":0,"11":0,"12":0,"13":0,"14":0,"15":0,"16":0,"17":0,"18":0,"19":0,"20":0,"21":0,"22":0,"23":0,"24":0,"25":0,"26":0,"27":0,"28":0,"29":0,"30":0,"31":0,"32":0,"33":0,"34":0},"f":{"0":0,"1":0,"2":0,"3":0,"4":0,"5":0,"6":0,"7":0,"8":0,"9":0,"10":0,"11":0,"12":0,"13":0},"b":{"0":[0,0],"1":[0,0,0]}}
,"D:\\mindbox-test\\src\\pages\\TodoListPage\\index.ts": {"path":"D:\\mindbox-test\\src\\pages\\TodoListPage\\index.ts","statementMap":{},"fnMap":{},"branchMap":{},"s":{},"f":{},"b":{}}
,"D:\\mindbox-test\\src\\pages\\TodoListPage\\ui\\TodoListPage.styles.ts": {"path":"D:\\mindbox-test\\src\\pages\\TodoListPage\\ui\\TodoListPage.styles.ts","statementMap":{"0":{"start":{"line":3,"column":41},"end":{"line":10,"column":1}}},"fnMap":{},"branchMap":{},"s":{"0":0},"f":{},"b":{}}
,"D:\\mindbox-test\\src\\pages\\TodoListPage\\ui\\TodoListPage.tsx": {"path":"D:\\mindbox-test\\src\\pages\\TodoListPage\\ui\\TodoListPage.tsx","statementMap":{"0":{"start":{"line":4,"column":28},"end":{"line":10,"column":1}},"1":{"start":{"line":5,"column":4},"end":{"line":9,"column":6}}},"fnMap":{"0":{"name":"(anonymous_0)","decl":{"start":{"line":4,"column":28},"end":{"line":4,"column":29}},"loc":{"start":{"line":4,"column":34},"end":{"line":10,"column":1}},"line":4}},"branchMap":{},"s":{"0":0,"1":0},"f":{"0":0},"b":{}}
,"D:\\mindbox-test\\src\\shared\\ui\\Task\\index.ts": {"path":"D:\\mindbox-test\\src\\shared\\ui\\Task\\index.ts","statementMap":{},"fnMap":{},"branchMap":{},"s":{},"f":{},"b":{}}
,"D:\\mindbox-test\\src\\shared\\ui\\Task\\ui\\Task.styles.ts": {"path":"D:\\mindbox-test\\src\\shared\\ui\\Task\\ui\\Task.styles.ts","statementMap":{"0":{"start":{"line":6,"column":35},"end":{"line":13,"column":1}},"1":{"start":{"line":14,"column":39},"end":{"line":18,"column":1}},"2":{"start":{"line":20,"column":31},"end":{"line":25,"column":1}},"3":{"start":{"line":23,"column":32},"end":{"line":23,"column":65}},"4":{"start":{"line":24,"column":42},"end":{"line":24,"column":80}}},"fnMap":{"0":{"name":"(anonymous_0)","decl":{"start":{"line":23,"column":11},"end":{"line":23,"column":12}},"loc":{"start":{"line":23,"column":32},"end":{"line":23,"column":65}},"line":23},"1":{"name":"(anonymous_1)","decl":{"start":{"line":24,"column":21},"end":{"line":24,"column":22}},"loc":{"start":{"line":24,"column":42},"end":{"line":24,"column":80}},"line":24}},"branchMap":{"0":{"loc":{"start":{"line":23,"column":32},"end":{"line":23,"column":65}},"type":"cond-expr","locations":[{"start":{"line":23,"column":47},"end":{"line":23,"column":53}},{"start":{"line":23,"column":56},"end":{"line":23,"column":65}}],"line":23},"1":{"loc":{"start":{"line":24,"column":42},"end":{"line":24,"column":80}},"type":"cond-expr","locations":[{"start":{"line":24,"column":57},"end":{"line":24,"column":71}},{"start":{"line":24,"column":74},"end":{"line":24,"column":80}}],"line":24}},"s":{"0":0,"1":0,"2":0,"3":0,"4":0},"f":{"0":0,"1":0},"b":{"0":[0,0],"1":[0,0]}}
,"D:\\mindbox-test\\src\\shared\\ui\\Task\\ui\\Task.tsx": {"path":"D:\\mindbox-test\\src\\shared\\ui\\Task\\ui\\Task.tsx","statementMap":{"0":{"start":{"line":12,"column":20},"end":{"line":25,"column":1}},"1":{"start":{"line":14,"column":54},"end":{"line":14,"column":59}},"2":{"start":{"line":15,"column":8},"end":{"line":23,"column":10}}},"fnMap":{"0":{"name":"(anonymous_0)","decl":{"start":{"line":13,"column":4},"end":{"line":13,"column":5}},"loc":{"start":{"line":13,"column":27},"end":{"line":24,"column":5}},"line":13}},"branchMap":{},"s":{"0":0,"1":0,"2":0},"f":{"0":0},"b":{}}
}
